<?xml version="1.0" encoding="UTF-8"?>
<testng-results skipped="0" failed="0" ignored="0" total="1" passed="1">
  <reporter-output>
  </reporter-output>
  <suite name="Default suite" duration-ms="8108" started-at="2018-12-31T06:58:07Z" finished-at="2018-12-31T06:58:15Z">
    <groups>
    </groups>
    <test name="Default test" duration-ms="8108" started-at="2018-12-31T06:58:07Z" finished-at="2018-12-31T06:58:15Z">
      <class name="firsttestngpackage.FirstTestNGFile">
        <test-method status="PASS" signature="launchBrowser()[pri:0, instance:firsttestngpackage.FirstTestNGFile@675d3402]" name="launchBrowser" is-config="true" duration-ms="5874" started-at="2018-12-31T06:58:07Z" finished-at="2018-12-31T06:58:12Z">
          <reporter-output>
          </reporter-output>
        </test-method> <!-- launchBrowser -->
        <test-method status="PASS" signature="vrifyHomePageTitle()[pri:0, instance:firsttestngpackage.FirstTestNGFile@675d3402]" name="vrifyHomePageTitle" duration-ms="18" started-at="2018-12-31T06:58:12Z" finished-at="2018-12-31T06:58:12Z">
          <reporter-output>
          </reporter-output>
        </test-method> <!-- vrifyHomePageTitle -->
        <test-method status="PASS" signature="closeBrowser()[pri:0, instance:firsttestngpackage.FirstTestNGFile@675d3402]" name="closeBrowser" is-config="true" duration-ms="2193" started-at="2018-12-31T06:58:12Z" finished-at="2018-12-31T06:58:15Z">
          <reporter-output>
          </reporter-output>
        </test-method> <!-- closeBrowser -->
      </class> <!-- firsttestngpackage.FirstTestNGFile -->
    </test> <!-- Default test -->
  </suite> <!-- Default suite -->
</testng-results>
